# JRE version: Java(TM) SE Runtime Environment (8.0_111-b14) (build 1.8.0_111-b14)
# Java VM: Java HotSpot(TM) Client VM (25.111-b14 mixed mode linux-x86 )
Heap:
 def new generation   total 12480K, used 1013K [0xa4a00000, 0xa5780000, 0xa9e00000)
  eden space 11136K,   9% used [0xa4a00000, 0xa4afd7d8, 0xa54e0000)
  from space 1344K,   0% used [0xa5630000, 0xa5630000, 0xa5780000)
  to   space 1344K,   0% used [0xa54e0000, 0xa54e0000, 0xa5630000)
 tenured generation   total 28264K, used 28263K [0xa9e00000, 0xab99a000, 0xb4600000)
   the space 28264K,  99% used [0xa9e00000, 0xab999fc0, 0xab99a000, 0xab99a000)
 Metaspace       used 9150K, capacity 9178K, committed 9240K, reserved 9520K
GC Heap History (10 events):
Event: 9,846 GC heap after
Heap after GC invocations=42 (full 2):
 def new generation   total 12480K, used 1286K [0xa4a00000, 0xa5780000, 0xa9e00000)
  eden space 11136K,   0% used [0xa4a00000, 0xa4a00000, 0xa54e0000)
  from space 1344K,  95% used [0xa54e0000, 0xa5621808, 0xa5630000)
  to   space 1344K,   0% used [0xa5630000, 0xa5630000, 0xa5780000)
 tenured generation   total 27624K, used 22272K [0xa9e00000, 0xab8fa000, 0xb4600000)
   the space 27624K,  80% used [0xa9e00000, 0xab3c0118, 0xab3c0200, 0xab8fa000)
 Metaspace       used 8658K, capacity 8698K, committed 8728K, reserved 9520K
}
Event: 10,087 GC heap before
{Heap before GC invocations=42 (full 2):
 def new generation   total 12480K, used 12422K [0xa4a00000, 0xa5780000, 0xa9e00000)
  eden space 11136K, 100% used [0xa4a00000, 0xa54e0000, 0xa54e0000)
  from space 1344K,  95% used [0xa54e0000, 0xa5621808, 0xa5630000)
  to   space 1344K,   0% used [0xa5630000, 0xa5630000, 0xa5780000)
 tenured generation   total 27624K, used 22272K [0xa9e00000, 0xab8fa000, 0xb4600000)
   the space 27624K,  80% used [0xa9e00000, 0xab3c0118, 0xab3c0200, 0xab8fa000)
 Metaspace       used 9005K, capacity 9050K, committed 9112K, reserved 9520K
Event: 10,097 GC heap after
Heap after GC invocations=43 (full 2):
 def new generation   total 12480K, used 1199K [0xa4a00000, 0xa5780000, 0xa9e00000)
  eden space 11136K,   0% used [0xa4a00000, 0xa4a00000, 0xa54e0000)
  from space 1344K,  89% used [0xa5630000, 0xa575bea0, 0xa5780000)
  to   space 1344K,   0% used [0xa54e0000, 0xa54e0000, 0xa5630000)
 tenured generation   total 27624K, used 23549K [0xa9e00000, 0xab8fa000, 0xb4600000)
   the space 27624K,  85% used [0xa9e00000, 0xab4ff5e0, 0xab4ff600, 0xab8fa000)
 Metaspace       used 9005K, capacity 9050K, committed 9112K, reserved 9520K
}
Event: 10,184 GC heap before
{Heap before GC invocations=43 (full 2):
 def new generation   total 12480K, used 12335K [0xa4a00000, 0xa5780000, 0xa9e00000)
  eden space 11136K, 100% used [0xa4a00000, 0xa54e0000, 0xa54e0000)
  from space 1344K,  89% used [0xa5630000, 0xa575bea0, 0xa5780000)
  to   space 1344K,   0% used [0xa54e0000, 0xa54e0000, 0xa5630000)
 tenured generation   total 27624K, used 23549K [0xa9e00000, 0xab8fa000, 0xb4600000)
   the space 27624K,  85% used [0xa9e00000, 0xab4ff5e0, 0xab4ff600, 0xab8fa000)
 Metaspace       used 9013K, capacity 9050K, committed 9112K, reserved 9520K
Event: 10,194 GC heap after
Heap after GC invocations=44 (full 2):
 def new generation   total 12480K, used 1065K [0xa4a00000, 0xa5780000, 0xa9e00000)
  eden space 11136K,   0% used [0xa4a00000, 0xa4a00000, 0xa54e0000)
  from space 1344K,  79% used [0xa54e0000, 0xa55ea7e8, 0xa5630000)
  to   space 1344K,   0% used [0xa5630000, 0xa5630000, 0xa5780000)
 tenured generation   total 27624K, used 24748K [0xa9e00000, 0xab8fa000, 0xb4600000)
   the space 27624K,  89% used [0xa9e00000, 0xab62b218, 0xab62b400, 0xab8fa000)
 Metaspace       used 9013K, capacity 9050K, committed 9112K, reserved 9520K
}
Event: 10,276 GC heap before
{Heap before GC invocations=44 (full 2):
 def new generation   total 12480K, used 12201K [0xa4a00000, 0xa5780000, 0xa9e00000)
  eden space 11136K, 100% used [0xa4a00000, 0xa54e0000, 0xa54e0000)
  from space 1344K,  79% used [0xa54e0000, 0xa55ea7e8, 0xa5630000)
  to   space 1344K,   0% used [0xa5630000, 0xa5630000, 0xa5780000)
 tenured generation   total 27624K, used 24748K [0xa9e00000, 0xab8fa000, 0xb4600000)
   the space 27624K,  89% used [0xa9e00000, 0xab62b218, 0xab62b400, 0xab8fa000)
 Metaspace       used 9020K, capacity 9050K, committed 9112K, reserved 9520K
Event: 10,284 GC heap after
Heap after GC invocations=45 (full 2):
 def new generation   total 12480K, used 1035K [0xa4a00000, 0xa5780000, 0xa9e00000)
  eden space 11136K,   0% used [0xa4a00000, 0xa4a00000, 0xa54e0000)
  from space 1344K,  77% used [0xa5630000, 0xa5732f90, 0xa5780000)
  to   space 1344K,   0% used [0xa54e0000, 0xa54e0000, 0xa5630000)
 tenured generation   total 27624K, used 25808K [0xa9e00000, 0xab8fa000, 0xb4600000)
   the space 27624K,  93% used [0xa9e00000, 0xab734248, 0xab734400, 0xab8fa000)
 Metaspace       used 9020K, capacity 9050K, committed 9112K, reserved 9520K
}
Event: 10,383 GC heap before
{Heap before GC invocations=45 (full 2):
 def new generation   total 12480K, used 12171K [0xa4a00000, 0xa5780000, 0xa9e00000)
  eden space 11136K,  99% used [0xa4a00000, 0xa54dff10, 0xa54e0000)
  from space 1344K,  77% used [0xa5630000, 0xa5732f90, 0xa5780000)
  to   space 1344K,   0% used [0xa54e0000, 0xa54e0000, 0xa5630000)
 tenured generation   total 27624K, used 25808K [0xa9e00000, 0xab8fa000, 0xb4600000)
   the space 27624K,  93% used [0xa9e00000, 0xab734248, 0xab734400, 0xab8fa000)
 Metaspace       used 9133K, capacity 9178K, committed 9240K, reserved 9520K
Event: 10,392 GC heap after
Heap after GC invocations=46 (full 2):
 def new generation   total 12480K, used 1344K [0xa4a00000, 0xa5780000, 0xa9e00000)
  eden space 11136K,   0% used [0xa4a00000, 0xa4a00000, 0xa54e0000)
  from space 1344K, 100% used [0xa54e0000, 0xa5630000, 0xa5630000)
  to   space 1344K,   0% used [0xa5630000, 0xa5630000, 0xa5780000)
 tenured generation   total 27624K, used 26863K [0xa9e00000, 0xab8fa000, 0xb4600000)
   the space 27624K,  97% used [0xa9e00000, 0xab83be70, 0xab83c000, 0xab8fa000)
 Metaspace       used 9133K, capacity 9178K, committed 9240K, reserved 9520K
}
Event: 10,477 GC heap before
{Heap before GC invocations=46 (full 2):
 def new generation   total 12480K, used 12480K [0xa4a00000, 0xa5780000, 0xa9e00000)
  eden space 11136K, 100% used [0xa4a00000, 0xa54e0000, 0xa54e0000)
  from space 1344K, 100% used [0xa54e0000, 0xa5630000, 0xa5630000)
  to   space 1344K,   0% used [0xa5630000, 0xa5630000, 0xa5780000)
 tenured generation   total 27624K, used 26863K [0xa9e00000, 0xab8fa000, 0xb4600000)
   the space 27624K,  97% used [0xa9e00000, 0xab83be70, 0xab83c000, 0xab8fa000)
 Metaspace       used 9150K, capacity 9178K, committed 9240K, reserved 9520K

