# JRE version: Java(TM) SE Runtime Environment (8.0_111-b14) (build 1.8.0_111-b14)
# Java VM: Java HotSpot(TM) Client VM (25.111-b14 mixed mode linux-x86 )
Heap:
 def new generation   total 12288K, used 667K [0xa4a00000, 0xa5750000, 0xa9e00000)
  eden space 10944K,   6% used [0xa4a00000, 0xa4aa6c40, 0xa54b0000)
  from space 1344K,   0% used [0xa5600000, 0xa5600000, 0xa5750000)
  to   space 1344K,   0% used [0xa54b0000, 0xa54b0000, 0xa5600000)
 tenured generation   total 27640K, used 27640K [0xa9e00000, 0xab8fe000, 0xb4600000)
   the space 27640K, 100% used [0xa9e00000, 0xab8fe000, 0xab8fe000, 0xab8fe000)
 Metaspace       used 9011K, capacity 9050K, committed 9112K, reserved 9520K
GC Heap History (10 events):
Event: 8,331 GC heap after
Heap after GC invocations=42 (full 2):
 def new generation   total 12288K, used 1055K [0xa4a00000, 0xa5750000, 0xa9e00000)
  eden space 10944K,   0% used [0xa4a00000, 0xa4a00000, 0xa54b0000)
  from space 1344K,  78% used [0xa54b0000, 0xa55b7fb0, 0xa5600000)
  to   space 1344K,   0% used [0xa5600000, 0xa5600000, 0xa5750000)
 tenured generation   total 27256K, used 21423K [0xa9e00000, 0xab89e000, 0xb4600000)
   the space 27256K,  78% used [0xa9e00000, 0xab2ebd98, 0xab2ebe00, 0xab89e000)
 Metaspace       used 7231K, capacity 7255K, committed 7320K, reserved 7472K
}
Event: 18,215 GC heap before
{Heap before GC invocations=42 (full 2):
 def new generation   total 12288K, used 11999K [0xa4a00000, 0xa5750000, 0xa9e00000)
  eden space 10944K, 100% used [0xa4a00000, 0xa54b0000, 0xa54b0000)
  from space 1344K,  78% used [0xa54b0000, 0xa55b7fb0, 0xa5600000)
  to   space 1344K,   0% used [0xa5600000, 0xa5600000, 0xa5750000)
 tenured generation   total 27256K, used 21423K [0xa9e00000, 0xab89e000, 0xb4600000)
   the space 27256K,  78% used [0xa9e00000, 0xab2ebd98, 0xab2ebe00, 0xab89e000)
 Metaspace       used 8436K, capacity 8474K, committed 8600K, reserved 9520K
Event: 18,357 GC heap after
Heap after GC invocations=43 (full 2):
 def new generation   total 12288K, used 1343K [0xa4a00000, 0xa5750000, 0xa9e00000)
  eden space 10944K,   0% used [0xa4a00000, 0xa4a00000, 0xa54b0000)
  from space 1344K,  99% used [0xa5600000, 0xa574fff8, 0xa5750000)
  to   space 1344K,   0% used [0xa54b0000, 0xa54b0000, 0xa5600000)
 tenured generation   total 27256K, used 22700K [0xa9e00000, 0xab89e000, 0xb4600000)
   the space 27256K,  83% used [0xa9e00000, 0xab42b030, 0xab42b200, 0xab89e000)
 Metaspace       used 8436K, capacity 8474K, committed 8600K, reserved 9520K
}
Event: 22,852 GC heap before
{Heap before GC invocations=43 (full 2):
 def new generation   total 12288K, used 12287K [0xa4a00000, 0xa5750000, 0xa9e00000)
  eden space 10944K, 100% used [0xa4a00000, 0xa54b0000, 0xa54b0000)
  from space 1344K,  99% used [0xa5600000, 0xa574fff8, 0xa5750000)
  to   space 1344K,   0% used [0xa54b0000, 0xa54b0000, 0xa5600000)
 tenured generation   total 27256K, used 22700K [0xa9e00000, 0xab89e000, 0xb4600000)
   the space 27256K,  83% used [0xa9e00000, 0xab42b030, 0xab42b200, 0xab89e000)
 Metaspace       used 8648K, capacity 8698K, committed 8728K, reserved 9520K
Event: 22,991 GC heap after
Heap after GC invocations=44 (full 2):
 def new generation   total 12288K, used 1269K [0xa4a00000, 0xa5750000, 0xa9e00000)
  eden space 10944K,   0% used [0xa4a00000, 0xa4a00000, 0xa54b0000)
  from space 1344K,  94% used [0xa54b0000, 0xa55ed620, 0xa5600000)
  to   space 1344K,   0% used [0xa5600000, 0xa5600000, 0xa5750000)
 tenured generation   total 27256K, used 24038K [0xa9e00000, 0xab89e000, 0xb4600000)
   the space 27256K,  88% used [0xa9e00000, 0xab579890, 0xab579a00, 0xab89e000)
 Metaspace       used 8648K, capacity 8698K, committed 8728K, reserved 9520K
}
Event: 24,733 GC heap before
{Heap before GC invocations=44 (full 2):
 def new generation   total 12288K, used 12213K [0xa4a00000, 0xa5750000, 0xa9e00000)
  eden space 10944K, 100% used [0xa4a00000, 0xa54b0000, 0xa54b0000)
  from space 1344K,  94% used [0xa54b0000, 0xa55ed620, 0xa5600000)
  to   space 1344K,   0% used [0xa5600000, 0xa5600000, 0xa5750000)
 tenured generation   total 27256K, used 24038K [0xa9e00000, 0xab89e000, 0xb4600000)
   the space 27256K,  88% used [0xa9e00000, 0xab579890, 0xab579a00, 0xab89e000)
 Metaspace       used 8767K, capacity 8794K, committed 8856K, reserved 9520K
Event: 24,791 GC heap after
Heap after GC invocations=45 (full 2):
 def new generation   total 12288K, used 1171K [0xa4a00000, 0xa5750000, 0xa9e00000)
  eden space 10944K,   0% used [0xa4a00000, 0xa4a00000, 0xa54b0000)
  from space 1344K,  87% used [0xa5600000, 0xa5724c48, 0xa5750000)
  to   space 1344K,   0% used [0xa54b0000, 0xa54b0000, 0xa5600000)
 tenured generation   total 27256K, used 25299K [0xa9e00000, 0xab89e000, 0xb4600000)
   the space 27256K,  92% used [0xa9e00000, 0xab6b4eb0, 0xab6b5000, 0xab89e000)
 Metaspace       used 8767K, capacity 8794K, committed 8856K, reserved 9520K
}
Event: 25,747 GC heap before
{Heap before GC invocations=45 (full 2):
 def new generation   total 12288K, used 12115K [0xa4a00000, 0xa5750000, 0xa9e00000)
  eden space 10944K, 100% used [0xa4a00000, 0xa54b0000, 0xa54b0000)
  from space 1344K,  87% used [0xa5600000, 0xa5724c48, 0xa5750000)
  to   space 1344K,   0% used [0xa54b0000, 0xa54b0000, 0xa5600000)
 tenured generation   total 27256K, used 25299K [0xa9e00000, 0xab89e000, 0xb4600000)
   the space 27256K,  92% used [0xa9e00000, 0xab6b4eb0, 0xab6b5000, 0xab89e000)
 Metaspace       used 9008K, capacity 9050K, committed 9112K, reserved 9520K
Event: 25,758 GC heap after
Heap after GC invocations=46 (full 2):
 def new generation   total 12288K, used 1139K [0xa4a00000, 0xa5750000, 0xa9e00000)
  eden space 10944K,   0% used [0xa4a00000, 0xa4a00000, 0xa54b0000)
  from space 1344K,  84% used [0xa54b0000, 0xa55ccee0, 0xa5600000)
  to   space 1344K,   0% used [0xa5600000, 0xa5600000, 0xa5750000)
 tenured generation   total 27256K, used 26466K [0xa9e00000, 0xab89e000, 0xb4600000)
   the space 27256K,  97% used [0xa9e00000, 0xab7d8a90, 0xab7d8c00, 0xab89e000)
 Metaspace       used 9008K, capacity 9050K, committed 9112K, reserved 9520K
}
Event: 25,837 GC heap before
{Heap before GC invocations=46 (full 2):
 def new generation   total 12288K, used 12083K [0xa4a00000, 0xa5750000, 0xa9e00000)
  eden space 10944K, 100% used [0xa4a00000, 0xa54b0000, 0xa54b0000)
  from space 1344K,  84% used [0xa54b0000, 0xa55ccee0, 0xa5600000)
  to   space 1344K,   0% used [0xa5600000, 0xa5600000, 0xa5750000)
 tenured generation   total 27256K, used 26466K [0xa9e00000, 0xab89e000, 0xb4600000)
   the space 27256K,  97% used [0xa9e00000, 0xab7d8a90, 0xab7d8c00, 0xab89e000)
 Metaspace       used 9011K, capacity 9050K, committed 9112K, reserved 9520K

