# JRE version: Java(TM) SE Runtime Environment (8.0_111-b14) (build 1.8.0_111-b14)
# Java VM: Java HotSpot(TM) Client VM (25.111-b14 mixed mode linux-x86 )
Heap:
 def new generation   total 12992K, used 993K [0xa4a00000, 0xa5810000, 0xa9e00000)
  eden space 11584K,   8% used [0xa4a00000, 0xa4af8660, 0xa5550000)
  from space 1408K,   0% used [0xa56b0000, 0xa56b0000, 0xa5810000)
  to   space 1408K,   0% used [0xa5550000, 0xa5550000, 0xa56b0000)
 tenured generation   total 29544K, used 29543K [0xa9e00000, 0xabada000, 0xb4600000)
   the space 29544K,  99% used [0xa9e00000, 0xabad9fe8, 0xabada000, 0xabada000)
 Metaspace       used 9150K, capacity 9178K, committed 9240K, reserved 9520K
GC Heap History (10 events):
Event: 8,724 GC heap after
Heap after GC invocations=43 (full 2):
 def new generation   total 12992K, used 1408K [0xa4a00000, 0xa5810000, 0xa9e00000)
  eden space 11584K,   0% used [0xa4a00000, 0xa4a00000, 0xa5550000)
  from space 1408K, 100% used [0xa5550000, 0xa56b0000, 0xa56b0000)
  to   space 1408K,   0% used [0xa56b0000, 0xa56b0000, 0xa5810000)
 tenured generation   total 28776K, used 22952K [0xa9e00000, 0xaba1a000, 0xb4600000)
   the space 28776K,  79% used [0xa9e00000, 0xab46a2a8, 0xab46a400, 0xaba1a000)
 Metaspace       used 8448K, capacity 8474K, committed 8600K, reserved 9520K
}
Event: 8,955 GC heap before
{Heap before GC invocations=43 (full 2):
 def new generation   total 12992K, used 12992K [0xa4a00000, 0xa5810000, 0xa9e00000)
  eden space 11584K, 100% used [0xa4a00000, 0xa5550000, 0xa5550000)
  from space 1408K, 100% used [0xa5550000, 0xa56b0000, 0xa56b0000)
  to   space 1408K,   0% used [0xa56b0000, 0xa56b0000, 0xa5810000)
 tenured generation   total 28776K, used 22952K [0xa9e00000, 0xaba1a000, 0xb4600000)
   the space 28776K,  79% used [0xa9e00000, 0xab46a2a8, 0xab46a400, 0xaba1a000)
 Metaspace       used 8671K, capacity 8698K, committed 8728K, reserved 9520K
Event: 8,966 GC heap after
Heap after GC invocations=44 (full 2):
 def new generation   total 12992K, used 1360K [0xa4a00000, 0xa5810000, 0xa9e00000)
  eden space 11584K,   0% used [0xa4a00000, 0xa4a00000, 0xa5550000)
  from space 1408K,  96% used [0xa56b0000, 0xa58041a0, 0xa5810000)
  to   space 1408K,   0% used [0xa5550000, 0xa5550000, 0xa56b0000)
 tenured generation   total 28776K, used 24356K [0xa9e00000, 0xaba1a000, 0xb4600000)
   the space 28776K,  84% used [0xa9e00000, 0xab5c9128, 0xab5c9200, 0xaba1a000)
 Metaspace       used 8671K, capacity 8698K, committed 8728K, reserved 9520K
}
Event: 9,427 GC heap before
{Heap before GC invocations=44 (full 2):
 def new generation   total 12992K, used 12944K [0xa4a00000, 0xa5810000, 0xa9e00000)
  eden space 11584K, 100% used [0xa4a00000, 0xa5550000, 0xa5550000)
  from space 1408K,  96% used [0xa56b0000, 0xa58041a0, 0xa5810000)
  to   space 1408K,   0% used [0xa5550000, 0xa5550000, 0xa56b0000)
 tenured generation   total 28776K, used 24356K [0xa9e00000, 0xaba1a000, 0xb4600000)
   the space 28776K,  84% used [0xa9e00000, 0xab5c9128, 0xab5c9200, 0xaba1a000)
 Metaspace       used 8990K, capacity 9018K, committed 9112K, reserved 9520K
Event: 9,437 GC heap after
Heap after GC invocations=45 (full 2):
 def new generation   total 12992K, used 1204K [0xa4a00000, 0xa5810000, 0xa9e00000)
  eden space 11584K,   0% used [0xa4a00000, 0xa4a00000, 0xa5550000)
  from space 1408K,  85% used [0xa5550000, 0xa567d170, 0xa56b0000)
  to   space 1408K,   0% used [0xa56b0000, 0xa56b0000, 0xa5810000)
 tenured generation   total 28776K, used 25709K [0xa9e00000, 0xaba1a000, 0xb4600000)
   the space 28776K,  89% used [0xa9e00000, 0xab71b410, 0xab71b600, 0xaba1a000)
 Metaspace       used 8990K, capacity 9018K, committed 9112K, reserved 9520K
}
Event: 9,529 GC heap before
{Heap before GC invocations=45 (full 2):
 def new generation   total 12992K, used 12788K [0xa4a00000, 0xa5810000, 0xa9e00000)
  eden space 11584K, 100% used [0xa4a00000, 0xa5550000, 0xa5550000)
  from space 1408K,  85% used [0xa5550000, 0xa567d170, 0xa56b0000)
  to   space 1408K,   0% used [0xa56b0000, 0xa56b0000, 0xa5810000)
 tenured generation   total 28776K, used 25709K [0xa9e00000, 0xaba1a000, 0xb4600000)
   the space 28776K,  89% used [0xa9e00000, 0xab71b410, 0xab71b600, 0xaba1a000)
 Metaspace       used 9037K, capacity 9082K, committed 9112K, reserved 9520K
Event: 9,540 GC heap after
Heap after GC invocations=46 (full 2):
 def new generation   total 12992K, used 1277K [0xa4a00000, 0xa5810000, 0xa9e00000)
  eden space 11584K,   0% used [0xa4a00000, 0xa4a00000, 0xa5550000)
  from space 1408K,  90% used [0xa56b0000, 0xa57ef508, 0xa5810000)
  to   space 1408K,   0% used [0xa5550000, 0xa5550000, 0xa56b0000)
 tenured generation   total 28776K, used 26909K [0xa9e00000, 0xaba1a000, 0xb4600000)
   the space 28776K,  93% used [0xa9e00000, 0xab847560, 0xab847600, 0xaba1a000)
 Metaspace       used 9037K, capacity 9082K, committed 9112K, reserved 9520K
}
Event: 9,656 GC heap before
{Heap before GC invocations=46 (full 2):
 def new generation   total 12992K, used 12861K [0xa4a00000, 0xa5810000, 0xa9e00000)
  eden space 11584K, 100% used [0xa4a00000, 0xa5550000, 0xa5550000)
  from space 1408K,  90% used [0xa56b0000, 0xa57ef508, 0xa5810000)
  to   space 1408K,   0% used [0xa5550000, 0xa5550000, 0xa56b0000)
 tenured generation   total 28776K, used 26909K [0xa9e00000, 0xaba1a000, 0xb4600000)
   the space 28776K,  93% used [0xa9e00000, 0xab847560, 0xab847600, 0xaba1a000)
 Metaspace       used 9131K, capacity 9178K, committed 9240K, reserved 9520K
Event: 9,665 GC heap after
Heap after GC invocations=47 (full 2):
 def new generation   total 12992K, used 1242K [0xa4a00000, 0xa5810000, 0xa9e00000)
  eden space 11584K,   0% used [0xa4a00000, 0xa4a00000, 0xa5550000)
  from space 1408K,  88% used [0xa5550000, 0xa5686850, 0xa56b0000)
  to   space 1408K,   0% used [0xa56b0000, 0xa56b0000, 0xa5810000)
 tenured generation   total 28776K, used 28183K [0xa9e00000, 0xaba1a000, 0xb4600000)
   the space 28776K,  97% used [0xa9e00000, 0xab985ed8, 0xab986000, 0xaba1a000)
 Metaspace       used 9131K, capacity 9178K, committed 9240K, reserved 9520K
}
Event: 9,758 GC heap before
{Heap before GC invocations=47 (full 2):
 def new generation   total 12992K, used 12826K [0xa4a00000, 0xa5810000, 0xa9e00000)
  eden space 11584K, 100% used [0xa4a00000, 0xa5550000, 0xa5550000)
  from space 1408K,  88% used [0xa5550000, 0xa5686850, 0xa56b0000)
  to   space 1408K,   0% used [0xa56b0000, 0xa56b0000, 0xa5810000)
 tenured generation   total 28776K, used 28183K [0xa9e00000, 0xaba1a000, 0xb4600000)
   the space 28776K,  97% used [0xa9e00000, 0xab985ed8, 0xab986000, 0xaba1a000)
 Metaspace       used 9150K, capacity 9178K, committed 9240K, reserved 9520K

