# JRE version: Java(TM) SE Runtime Environment (8.0_111-b14) (build 1.8.0_111-b14)
# Java VM: Java HotSpot(TM) Client VM (25.111-b14 mixed mode linux-x86 )
Heap:
 def new generation   total 20864K, used 4758K [0xa4c00000, 0xa62a0000, 0xaa000000)
  eden space 18560K,  15% used [0xa4c00000, 0xa4ebd638, 0xa5e20000)
  from space 2304K,  84% used [0xa5e20000, 0xa6008250, 0xa6060000)
  to   space 2304K,   0% used [0xa6060000, 0xa6060000, 0xa62a0000)
 tenured generation   total 46328K, used 43991K [0xaa000000, 0xacd3e000, 0xb4800000)
   the space 46328K,  94% used [0xaa000000, 0xacaf5c90, 0xacaf5e00, 0xacd3e000)
 Metaspace       used 14041K, capacity 14198K, committed 14232K, reserved 14640K
GC Heap History (10 events):
Event: 11,447 GC heap before
{Heap before GC invocations=52 (full 3):
 def new generation   total 20864K, used 20837K [0xa4c00000, 0xa62a0000, 0xaa000000)
  eden space 18560K, 100% used [0xa4c00000, 0xa5e20000, 0xa5e20000)
  from space 2304K,  98% used [0xa6060000, 0xa62997e0, 0xa62a0000)
  to   space 2304K,   0% used [0xa5e20000, 0xa5e20000, 0xa6060000)
 tenured generation   total 46328K, used 36665K [0xaa000000, 0xacd3e000, 0xb4800000)
   the space 46328K,  79% used [0xaa000000, 0xac3ce478, 0xac3ce600, 0xacd3e000)
 Metaspace       used 9927K, capacity 9968K, committed 10008K, reserved 10544K
Event: 11,472 GC heap after
Heap after GC invocations=53 (full 3):
 def new generation   total 20864K, used 2303K [0xa4c00000, 0xa62a0000, 0xaa000000)
  eden space 18560K,   0% used [0xa4c00000, 0xa4c00000, 0xa5e20000)
  from space 2304K,  99% used [0xa5e20000, 0xa605fff8, 0xa6060000)
  to   space 2304K,   0% used [0xa6060000, 0xa6060000, 0xa62a0000)
 tenured generation   total 46328K, used 39038K [0xaa000000, 0xacd3e000, 0xb4800000)
   the space 46328K,  84% used [0xaa000000, 0xac61f9c8, 0xac61fa00, 0xacd3e000)
 Metaspace       used 9927K, capacity 9968K, committed 10008K, reserved 10544K
}
Event: 11,942 GC heap before
{Heap before GC invocations=53 (full 3):
 def new generation   total 20864K, used 20863K [0xa4c00000, 0xa62a0000, 0xaa000000)
  eden space 18560K, 100% used [0xa4c00000, 0xa5e20000, 0xa5e20000)
  from space 2304K,  99% used [0xa5e20000, 0xa605fff8, 0xa6060000)
  to   space 2304K,   0% used [0xa6060000, 0xa6060000, 0xa62a0000)
 tenured generation   total 46328K, used 39038K [0xaa000000, 0xacd3e000, 0xb4800000)
   the space 46328K,  84% used [0xaa000000, 0xac61f9c8, 0xac61fa00, 0xacd3e000)
 Metaspace       used 10377K, capacity 10419K, committed 10520K, reserved 10544K
Event: 11,959 GC heap after
Heap after GC invocations=54 (full 3):
 def new generation   total 20864K, used 1691K [0xa4c00000, 0xa62a0000, 0xaa000000)
  eden space 18560K,   0% used [0xa4c00000, 0xa4c00000, 0xa5e20000)
  from space 2304K,  73% used [0xa6060000, 0xa6206dc8, 0xa62a0000)
  to   space 2304K,   0% used [0xa5e20000, 0xa5e20000, 0xa6060000)
 tenured generation   total 46328K, used 41336K [0xaa000000, 0xacd3e000, 0xb4800000)
   the space 46328K,  89% used [0xaa000000, 0xac85e148, 0xac85e200, 0xacd3e000)
 Metaspace       used 10377K, capacity 10419K, committed 10520K, reserved 10544K
}
Event: 13,195 GC heap before
{Heap before GC invocations=54 (full 3):
 def new generation   total 20864K, used 20251K [0xa4c00000, 0xa62a0000, 0xaa000000)
  eden space 18560K, 100% used [0xa4c00000, 0xa5e20000, 0xa5e20000)
  from space 2304K,  73% used [0xa6060000, 0xa6206dc8, 0xa62a0000)
  to   space 2304K,   0% used [0xa5e20000, 0xa5e20000, 0xa6060000)
 tenured generation   total 46328K, used 41336K [0xaa000000, 0xacd3e000, 0xb4800000)
   the space 46328K,  89% used [0xaa000000, 0xac85e148, 0xac85e200, 0xacd3e000)
 Metaspace       used 11373K, capacity 11448K, committed 11544K, reserved 11568K
Event: 13,230 GC heap after
Heap after GC invocations=55 (full 3):
 def new generation   total 20864K, used 1629K [0xa4c00000, 0xa62a0000, 0xaa000000)
  eden space 18560K,   0% used [0xa4c00000, 0xa4c00000, 0xa5e20000)
  from space 2304K,  70% used [0xa5e20000, 0xa5fb7540, 0xa6060000)
  to   space 2304K,   0% used [0xa6060000, 0xa6060000, 0xa62a0000)
 tenured generation   total 46328K, used 42470K [0xaa000000, 0xacd3e000, 0xb4800000)
   the space 46328K,  91% used [0xaa000000, 0xac979a38, 0xac979c00, 0xacd3e000)
 Metaspace       used 11373K, capacity 11448K, committed 11544K, reserved 11568K
}
Event: 16,280 GC heap before
{Heap before GC invocations=55 (full 3):
 def new generation   total 20864K, used 20189K [0xa4c00000, 0xa62a0000, 0xaa000000)
  eden space 18560K, 100% used [0xa4c00000, 0xa5e20000, 0xa5e20000)
  from space 2304K,  70% used [0xa5e20000, 0xa5fb7540, 0xa6060000)
  to   space 2304K,   0% used [0xa6060000, 0xa6060000, 0xa62a0000)
 tenured generation   total 46328K, used 42470K [0xaa000000, 0xacd3e000, 0xb4800000)
   the space 46328K,  91% used [0xaa000000, 0xac979a38, 0xac979c00, 0xacd3e000)
 Metaspace       used 13091K, capacity 13235K, committed 13336K, reserved 13616K
Event: 16,336 GC heap after
Heap after GC invocations=56 (full 3):
 def new generation   total 20864K, used 2143K [0xa4c00000, 0xa62a0000, 0xaa000000)
  eden space 18560K,   0% used [0xa4c00000, 0xa4c00000, 0xa5e20000)
  from space 2304K,  93% used [0xa6060000, 0xa6277dd8, 0xa62a0000)
  to   space 2304K,   0% used [0xa5e20000, 0xa5e20000, 0xa6060000)
 tenured generation   total 46328K, used 43097K [0xaa000000, 0xacd3e000, 0xb4800000)
   the space 46328K,  93% used [0xaa000000, 0xaca16438, 0xaca16600, 0xacd3e000)
 Metaspace       used 13091K, capacity 13235K, committed 13336K, reserved 13616K
}
Event: 83,919 GC heap before
{Heap before GC invocations=56 (full 3):
 def new generation   total 20864K, used 20703K [0xa4c00000, 0xa62a0000, 0xaa000000)
  eden space 18560K, 100% used [0xa4c00000, 0xa5e20000, 0xa5e20000)
  from space 2304K,  93% used [0xa6060000, 0xa6277dd8, 0xa62a0000)
  to   space 2304K,   0% used [0xa5e20000, 0xa5e20000, 0xa6060000)
 tenured generation   total 46328K, used 43097K [0xaa000000, 0xacd3e000, 0xb4800000)
   the space 46328K,  93% used [0xaa000000, 0xaca16438, 0xaca16600, 0xacd3e000)
 Metaspace       used 14005K, capacity 14166K, committed 14232K, reserved 14640K
Event: 84,496 GC heap after
Heap after GC invocations=57 (full 3):
 def new generation   total 20864K, used 1952K [0xa4c00000, 0xa62a0000, 0xaa000000)
  eden space 18560K,   0% used [0xa4c00000, 0xa4c00000, 0xa5e20000)
  from space 2304K,  84% used [0xa5e20000, 0xa6008250, 0xa6060000)
  to   space 2304K,   0% used [0xa6060000, 0xa6060000, 0xa62a0000)
 tenured generation   total 46328K, used 43991K [0xaa000000, 0xacd3e000, 0xb4800000)
   the space 46328K,  94% used [0xaa000000, 0xacaf5c90, 0xacaf5e00, 0xacd3e000)
 Metaspace       used 14005K, capacity 14166K, committed 14232K, reserved 14640K
}

