# JRE version: Java(TM) SE Runtime Environment (8.0_111-b14) (build 1.8.0_111-b14)
# Java VM: Java HotSpot(TM) Client VM (25.111-b14 mixed mode linux-x86 )
Heap:
 def new generation   total 12544K, used 1305K [0xa4c00000, 0xa5990000, 0xaa000000)
  eden space 11200K,  11% used [0xa4c00000, 0xa4d46770, 0xa56f0000)
  from space 1344K,   0% used [0xa5840000, 0xa5840000, 0xa5990000)
  to   space 1344K,   0% used [0xa56f0000, 0xa56f0000, 0xa5840000)
 tenured generation   total 28080K, used 28080K [0xaa000000, 0xabb6c000, 0xb4800000)
   the space 28080K, 100% used [0xaa000000, 0xabb6c000, 0xabb6c000, 0xabb6c000)
 Metaspace       used 9126K, capacity 9178K, committed 9240K, reserved 9520K
GC Heap History (10 events):
Event: 8,080 GC heap after
Heap after GC invocations=42 (full 2):
 def new generation   total 12544K, used 1189K [0xa4c00000, 0xa5990000, 0xaa000000)
  eden space 11200K,   0% used [0xa4c00000, 0xa4c00000, 0xa56f0000)
  from space 1344K,  88% used [0xa56f0000, 0xa5819510, 0xa5840000)
  to   space 1344K,   0% used [0xa5840000, 0xa5840000, 0xa5990000)
 tenured generation   total 27696K, used 21825K [0xaa000000, 0xabb0c000, 0xb4800000)
   the space 27696K,  78% used [0xaa000000, 0xab550788, 0xab550800, 0xabb0c000)
 Metaspace       used 7387K, capacity 7415K, committed 7448K, reserved 7472K
}
Event: 9,007 GC heap before
{Heap before GC invocations=42 (full 2):
 def new generation   total 12544K, used 12389K [0xa4c00000, 0xa5990000, 0xaa000000)
  eden space 11200K, 100% used [0xa4c00000, 0xa56f0000, 0xa56f0000)
  from space 1344K,  88% used [0xa56f0000, 0xa5819510, 0xa5840000)
  to   space 1344K,   0% used [0xa5840000, 0xa5840000, 0xa5990000)
 tenured generation   total 27696K, used 21825K [0xaa000000, 0xabb0c000, 0xb4800000)
   the space 27696K,  78% used [0xaa000000, 0xab550788, 0xab550800, 0xabb0c000)
 Metaspace       used 8456K, capacity 8506K, committed 8600K, reserved 9520K
Event: 9,018 GC heap after
Heap after GC invocations=43 (full 2):
 def new generation   total 12544K, used 1344K [0xa4c00000, 0xa5990000, 0xaa000000)
  eden space 11200K,   0% used [0xa4c00000, 0xa4c00000, 0xa56f0000)
  from space 1344K, 100% used [0xa5840000, 0xa5990000, 0xa5990000)
  to   space 1344K,   0% used [0xa56f0000, 0xa56f0000, 0xa5840000)
 tenured generation   total 27696K, used 23141K [0xaa000000, 0xabb0c000, 0xb4800000)
   the space 27696K,  83% used [0xaa000000, 0xab699430, 0xab699600, 0xabb0c000)
 Metaspace       used 8456K, capacity 8506K, committed 8600K, reserved 9520K
}
Event: 9,371 GC heap before
{Heap before GC invocations=43 (full 2):
 def new generation   total 12544K, used 12544K [0xa4c00000, 0xa5990000, 0xaa000000)
  eden space 11200K, 100% used [0xa4c00000, 0xa56f0000, 0xa56f0000)
  from space 1344K, 100% used [0xa5840000, 0xa5990000, 0xa5990000)
  to   space 1344K,   0% used [0xa56f0000, 0xa56f0000, 0xa5840000)
 tenured generation   total 27696K, used 23141K [0xaa000000, 0xabb0c000, 0xb4800000)
   the space 27696K,  83% used [0xaa000000, 0xab699430, 0xab699600, 0xabb0c000)
 Metaspace       used 8684K, capacity 8730K, committed 8856K, reserved 9520K
Event: 9,380 GC heap after
Heap after GC invocations=44 (full 2):
 def new generation   total 12544K, used 1266K [0xa4c00000, 0xa5990000, 0xaa000000)
  eden space 11200K,   0% used [0xa4c00000, 0xa4c00000, 0xa56f0000)
  from space 1344K,  94% used [0xa56f0000, 0xa582c890, 0xa5840000)
  to   space 1344K,   0% used [0xa5840000, 0xa5840000, 0xa5990000)
 tenured generation   total 27696K, used 24479K [0xaa000000, 0xabb0c000, 0xb4800000)
   the space 27696K,  88% used [0xaa000000, 0xab7e7fb0, 0xab7e8000, 0xabb0c000)
 Metaspace       used 8684K, capacity 8730K, committed 8856K, reserved 9520K
}
Event: 9,528 GC heap before
{Heap before GC invocations=44 (full 2):
 def new generation   total 12544K, used 12466K [0xa4c00000, 0xa5990000, 0xaa000000)
  eden space 11200K, 100% used [0xa4c00000, 0xa56f0000, 0xa56f0000)
  from space 1344K,  94% used [0xa56f0000, 0xa582c890, 0xa5840000)
  to   space 1344K,   0% used [0xa5840000, 0xa5840000, 0xa5990000)
 tenured generation   total 27696K, used 24479K [0xaa000000, 0xabb0c000, 0xb4800000)
   the space 27696K,  88% used [0xaa000000, 0xab7e7fb0, 0xab7e8000, 0xabb0c000)
 Metaspace       used 8786K, capacity 8826K, committed 8856K, reserved 9520K
Event: 9,542 GC heap after
Heap after GC invocations=45 (full 2):
 def new generation   total 12544K, used 1142K [0xa4c00000, 0xa5990000, 0xaa000000)
  eden space 11200K,   0% used [0xa4c00000, 0xa4c00000, 0xa56f0000)
  from space 1344K,  85% used [0xa5840000, 0xa595d9c8, 0xa5990000)
  to   space 1344K,   0% used [0xa56f0000, 0xa56f0000, 0xa5840000)
 tenured generation   total 27696K, used 25739K [0xaa000000, 0xabb0c000, 0xb4800000)
   the space 27696K,  92% used [0xaa000000, 0xab922fa8, 0xab923000, 0xabb0c000)
 Metaspace       used 8786K, capacity 8826K, committed 8856K, reserved 9520K
}
Event: 9,677 GC heap before
{Heap before GC invocations=45 (full 2):
 def new generation   total 12544K, used 12342K [0xa4c00000, 0xa5990000, 0xaa000000)
  eden space 11200K, 100% used [0xa4c00000, 0xa56f0000, 0xa56f0000)
  from space 1344K,  85% used [0xa5840000, 0xa595d9c8, 0xa5990000)
  to   space 1344K,   0% used [0xa56f0000, 0xa56f0000, 0xa5840000)
 tenured generation   total 27696K, used 25739K [0xaa000000, 0xabb0c000, 0xb4800000)
   the space 27696K,  92% used [0xaa000000, 0xab922fa8, 0xab923000, 0xabb0c000)
 Metaspace       used 9009K, capacity 9050K, committed 9112K, reserved 9520K
Event: 9,686 GC heap after
Heap after GC invocations=46 (full 2):
 def new generation   total 12544K, used 1178K [0xa4c00000, 0xa5990000, 0xaa000000)
  eden space 11200K,   0% used [0xa4c00000, 0xa4c00000, 0xa56f0000)
  from space 1344K,  87% used [0xa56f0000, 0xa5816af0, 0xa5840000)
  to   space 1344K,   0% used [0xa5840000, 0xa5840000, 0xa5990000)
 tenured generation   total 27696K, used 26881K [0xaa000000, 0xabb0c000, 0xb4800000)
   the space 27696K,  97% used [0xaa000000, 0xaba40500, 0xaba40600, 0xabb0c000)
 Metaspace       used 9009K, capacity 9050K, committed 9112K, reserved 9520K
}
Event: 9,801 GC heap before
{Heap before GC invocations=46 (full 2):
 def new generation   total 12544K, used 12378K [0xa4c00000, 0xa5990000, 0xaa000000)
  eden space 11200K, 100% used [0xa4c00000, 0xa56f0000, 0xa56f0000)
  from space 1344K,  87% used [0xa56f0000, 0xa5816af0, 0xa5840000)
  to   space 1344K,   0% used [0xa5840000, 0xa5840000, 0xa5990000)
 tenured generation   total 27696K, used 26881K [0xaa000000, 0xabb0c000, 0xb4800000)
   the space 27696K,  97% used [0xaa000000, 0xaba40500, 0xaba40600, 0xabb0c000)
 Metaspace       used 9126K, capacity 9178K, committed 9240K, reserved 9520K

